<?xml version="1.0" encoding="UTF-8"?>
<testsuites name="Mocha Tests" time="5.281" tests="1" failures="1">
  <testsuite name="Root Suite" timestamp="2025-06-18T12:03:45" tests="1" file="cypress/e2e/spec.cy.js" time="5.280" failures="1">
    <testcase name="C734866: 	Sample test " time="0.000" classname="C752758: 	nShield and nShield HA pre-load functionality ">
      <failure message="Timed out retrying after 4000ms: Expected to find element: `.todo-list li`, but never found it." type="AssertionError"><![CDATA[AssertionError: Timed out retrying after 4000ms: Expected to find element: `.todo-list li`, but never found it.
    at Context.eval (webpack:///./cypress/e2e/spec.cy.js:12:26)]]></failure>
    </testcase>
  </testsuite>
</testsuites>